[INFO] Scanning for projects...
[INFO] 
[INFO] ---------------< com.sriram.project:emergency-notifier >----------------
[INFO] Building emergency-notifier 0.0.1-SNAPSHOT
[INFO]   from pom.xml
[INFO] --------------------------------[ jar ]---------------------------------
[INFO] 
[INFO] >>> spring-boot:3.5.7:run (default-cli) > test-compile @ emergency-notifier >>>
[WARNING] The artifact mysql:mysql-connector-java:jar:8.0.33 has been relocated to com.mysql:mysql-connector-j:jar:8.0.33: MySQL Connector/J artifacts moved to reverse-DNS compliant Maven 2+ coordinates.
[INFO] 
[INFO] --- resources:3.3.1:resources (default-resources) @ emergency-notifier ---
[INFO] Copying 1 resource from src\main\resources to target\classes
[INFO] Copying 3 resources from src\main\resources to target\classes
[INFO] 
[INFO] --- compiler:3.14.1:compile (default-compile) @ emergency-notifier ---
[INFO] Nothing to compile - all classes are up to date.
[INFO] 
[INFO] --- resources:3.3.1:testResources (default-testResources) @ emergency-notifier ---
[INFO] skip non existing resourceDirectory D:\GitHub\Backend Development\SpringBoot\Project\emergency-notifier\src\test\resources
[INFO] 
[INFO] --- compiler:3.14.1:testCompile (default-testCompile) @ emergency-notifier ---
[INFO] Nothing to compile - all classes are up to date.
[INFO] 
[INFO] <<< spring-boot:3.5.7:run (default-cli) < test-compile @ emergency-notifier <<<
[INFO] 
[INFO] 
[INFO] --- spring-boot:3.5.7:run (default-cli) @ emergency-notifier ---
[INFO] Attaching agents: []
Standard Commons Logging discovery in action with spring-jcl: please remove commons-logging.jar from classpath in order to avoid potential conflicts

  .   ____          _            __ _ _
 /\\ / ___'_ __ _ _(_)_ __  __ _ \ \ \ \
( ( )\___ | '_ | '_| | '_ \/ _` | \ \ \ \
 \\/  ___)| |_)| | | | | || (_| |  ) ) ) )
  '  |____| .__|_| |_|_| |_\__, | / / / /
 =========|_|==============|___/=/_/_/_/

 :: Spring Boot ::                (v3.5.7)

2025-11-01T00:24:26.645+05:30  INFO 7548 --- [emergency-notifier] [           main] c.s.p.e.EmergencyNotifierApplication     : Starting EmergencyNotifierApplication using Java 21.0.2 with PID 7548 (D:\GitHub\Backend Development\SpringBoot\Project\emergency-notifier\target\classes started by SAYEERAM in D:\GitHub\Backend Development\SpringBoot\Project\emergency-notifier)
2025-11-01T00:24:26.646+05:30 DEBUG 7548 --- [emergency-notifier] [           main] c.s.p.e.EmergencyNotifierApplication     : Running with Spring Boot v3.5.7, Spring v6.2.12
2025-11-01T00:24:26.647+05:30  INFO 7548 --- [emergency-notifier] [           main] c.s.p.e.EmergencyNotifierApplication     : No active profile set, falling back to 1 default profile: "default"
2025-11-01T00:24:27.088+05:30  INFO 7548 --- [emergency-notifier] [           main] .s.d.r.c.RepositoryConfigurationDelegate : Bootstrapping Spring Data JPA repositories in DEFAULT mode.
2025-11-01T00:24:27.127+05:30  INFO 7548 --- [emergency-notifier] [           main] .s.d.r.c.RepositoryConfigurationDelegate : Finished Spring Data repository scanning in 32 ms. Found 2 JPA repository interfaces.
2025-11-01T00:24:27.470+05:30  INFO 7548 --- [emergency-notifier] [           main] o.s.b.w.embedded.tomcat.TomcatWebServer  : Tomcat initialized with port 8080 (http)
2025-11-01T00:24:27.480+05:30  INFO 7548 --- [emergency-notifier] [           main] o.apache.catalina.core.StandardService   : Starting service [Tomcat]
2025-11-01T00:24:27.480+05:30  INFO 7548 --- [emergency-notifier] [           main] o.apache.catalina.core.StandardEngine    : Starting Servlet engine: [Apache Tomcat/10.1.48]
2025-11-01T00:24:27.516+05:30  INFO 7548 --- [emergency-notifier] [           main] o.a.c.c.C.[Tomcat].[localhost].[/]       : Initializing Spring embedded WebApplicationContext
2025-11-01T00:24:27.517+05:30  INFO 7548 --- [emergency-notifier] [           main] w.s.c.ServletWebServerApplicationContext : Root WebApplicationContext: initialization completed in 837 ms
Standard Commons Logging discovery in action with spring-jcl: please remove commons-logging.jar from classpath in order to avoid potential conflicts
2025-11-01T00:24:27.625+05:30  INFO 7548 --- [emergency-notifier] [           main] o.hibernate.jpa.internal.util.LogHelper  : HHH000204: Processing PersistenceUnitInfo [name: default]
2025-11-01T00:24:27.664+05:30  INFO 7548 --- [emergency-notifier] [           main] org.hibernate.Version                    : HHH000412: Hibernate ORM core version 6.6.33.Final
2025-11-01T00:24:27.686+05:30  INFO 7548 --- [emergency-notifier] [           main] o.h.c.internal.RegionFactoryInitiator    : HHH000026: Second-level cache disabled
2025-11-01T00:24:27.860+05:30  INFO 7548 --- [emergency-notifier] [           main] o.s.o.j.p.SpringPersistenceUnitInfo      : No LoadTimeWeaver setup: ignoring JPA class transformer
2025-11-01T00:24:27.880+05:30  INFO 7548 --- [emergency-notifier] [           main] com.zaxxer.hikari.HikariDataSource       : HikariPool-1 - Starting...
2025-11-01T00:24:28.105+05:30  INFO 7548 --- [emergency-notifier] [           main] com.zaxxer.hikari.pool.HikariPool        : HikariPool-1 - Added connection com.mysql.cj.jdbc.ConnectionImpl@393ae7a0
2025-11-01T00:24:28.107+05:30  INFO 7548 --- [emergency-notifier] [           main] com.zaxxer.hikari.HikariDataSource       : HikariPool-1 - Start completed.
2025-11-01T00:24:28.162+05:30  INFO 7548 --- [emergency-notifier] [           main] org.hibernate.orm.connections.pooling    : HHH10001005: Database info:
	Database JDBC URL [Connecting through datasource 'HikariDataSource (HikariPool-1)']
	Database driver: undefined/unknown
	Database version: 8.0.36
	Autocommit mode: undefined/unknown
	Isolation level: undefined/unknown
	Minimum pool size: undefined/unknown
	Maximum pool size: undefined/unknown
2025-11-01T00:24:28.794+05:30  INFO 7548 --- [emergency-notifier] [           main] o.h.e.t.j.p.i.JtaPlatformInitiator       : HHH000489: No JTA platform available (set 'hibernate.transaction.jta.platform' to enable JTA platform integration)
2025-11-01T00:24:28.839+05:30  INFO 7548 --- [emergency-notifier] [           main] j.LocalContainerEntityManagerFactoryBean : Initialized JPA EntityManagerFactory for persistence unit 'default'
2025-11-01T00:24:29.105+05:30  WARN 7548 --- [emergency-notifier] [           main] JpaBaseConfiguration$JpaWebConfiguration : spring.jpa.open-in-view is enabled by default. Therefore, database queries may be performed during view rendering. Explicitly configure spring.jpa.open-in-view to disable this warning
2025-11-01T00:24:29.120+05:30  INFO 7548 --- [emergency-notifier] [           main] o.s.b.a.w.s.WelcomePageHandlerMapping    : Adding welcome page: class path resource [static/index.html]
2025-11-01T00:24:29.261+05:30  WARN 7548 --- [emergency-notifier] [           main] ion$DefaultTemplateResolverConfiguration : Cannot find template location: classpath:/templates/ (please add some templates, check your Thymeleaf configuration, or set spring.thymeleaf.check-template-location=false)
2025-11-01T00:24:29.354+05:30  INFO 7548 --- [emergency-notifier] [           main] o.s.b.w.embedded.tomcat.TomcatWebServer  : Tomcat started on port 8080 (http) with context path '/'
2025-11-01T00:24:29.359+05:30  INFO 7548 --- [emergency-notifier] [           main] c.s.p.e.EmergencyNotifierApplication     : Started EmergencyNotifierApplication in 3.038 seconds (process running for 3.333)
2025-11-01T00:24:52.275+05:30  INFO 7548 --- [emergency-notifier] [nio-8080-exec-1] o.a.c.c.C.[Tomcat].[localhost].[/]       : Initializing Spring DispatcherServlet 'dispatcherServlet'
2025-11-01T00:24:52.275+05:30  INFO 7548 --- [emergency-notifier] [nio-8080-exec-1] o.s.web.servlet.DispatcherServlet        : Initializing Servlet 'dispatcherServlet'
2025-11-01T00:24:52.276+05:30  INFO 7548 --- [emergency-notifier] [nio-8080-exec-1] o.s.web.servlet.DispatcherServlet        : Completed initialization in 1 ms
2025-11-01T00:24:52.300+05:30  INFO 7548 --- [emergency-notifier] [nio-8080-exec-1] c.s.p.e.EmergencyNotifierController      : Testing SMS to: +917418022289
2025-11-01T00:24:52.301+05:30  INFO 7548 --- [emergency-notifier] [nio-8080-exec-1] c.s.p.e.service.TwilioService            : Initializing Twilio with Account SID: AC44bfc85cc9c3392bde4f13b091bffd68
2025-11-01T00:24:52.301+05:30  INFO 7548 --- [emergency-notifier] [nio-8080-exec-1] c.s.p.e.service.TwilioService            : Using From Phone Number: +18156459241
2025-11-01T00:24:52.301+05:30  INFO 7548 --- [emergency-notifier] [nio-8080-exec-1] c.s.p.e.service.TwilioService            : Auth Token ends with: ...90be
2025-11-01T00:24:52.302+05:30  INFO 7548 --- [emergency-notifier] [nio-8080-exec-1] c.s.p.e.service.TwilioService            : Twilio initialized successfully
2025-11-01T00:24:52.302+05:30  INFO 7548 --- [emergency-notifier] [nio-8080-exec-1] c.s.p.e.service.TwilioService            : Attempting to send SMS from +18156459241 to +917418022289
2025-11-01T00:24:52.302+05:30  INFO 7548 --- [emergency-notifier] [nio-8080-exec-1] c.s.p.e.service.TwilioService            : Message body: Test SMS from Emergency Notifier - 00:24:52
2025-11-01T00:24:53.609+05:30  INFO 7548 --- [emergency-notifier] [nio-8080-exec-1] c.s.p.e.service.TwilioService            : SMS sent successfully to +917418022289 with SID: SM54dffdb50af1af032c7dab8ac266de01
2025-11-01T00:24:53.609+05:30  INFO 7548 --- [emergency-notifier] [nio-8080-exec-1] c.s.p.e.service.TwilioService            : Message status: queued
2025-11-01T00:24:53.609+05:30  INFO 7548 --- [emergency-notifier] [nio-8080-exec-1] c.s.p.e.service.TwilioService            : Date created: 2025-10-31T18:54:53Z
2025-11-01T00:24:53.609+05:30  INFO 7548 --- [emergency-notifier] [nio-8080-exec-1] c.s.p.e.service.TwilioService            : Direction: outbound-api
2025-11-01T00:24:53.609+05:30  INFO 7548 --- [emergency-notifier] [nio-8080-exec-1] c.s.p.e.service.TwilioService            : Error code: null
2025-11-01T00:24:53.609+05:30  INFO 7548 --- [emergency-notifier] [nio-8080-exec-1] c.s.p.e.service.TwilioService            : Error message: null
2025-11-01T00:24:55.974+05:30  INFO 7548 --- [emergency-notifier] [nio-8080-exec-1] c.s.p.e.service.TwilioService            : Updated message status: sent
2025-11-01T00:24:55.974+05:30  INFO 7548 --- [emergency-notifier] [nio-8080-exec-1] c.s.p.e.service.TwilioService            : Updated error code: null
2025-11-01T00:24:55.974+05:30  INFO 7548 --- [emergency-notifier] [nio-8080-exec-1] c.s.p.e.service.TwilioService            : Updated error message: null
[INFO] ------------------------------------------------------------------------
[INFO] BUILD FAILURE
[INFO] ------------------------------------------------------------------------
[INFO] Total time:  02:42 min
[INFO] Finished at: 2025-11-01T00:27:06+05:30
[INFO] ------------------------------------------------------------------------
[ERROR] Failed to execute goal org.springframework.boot:spring-boot-maven-plugin:3.5.7:run (default-cli) on project emergency-notifier: Process terminated with exit code: 1 -> [Help 1]
[ERROR] 
[ERROR] To see the full stack trace of the errors, re-run Maven with the -e switch.
[ERROR] Re-run Maven using the -X switch to enable full debug logging.
[ERROR] 
[ERROR] For more information about the errors and possible solutions, please read the following articles:
[ERROR] [Help 1] http://cwiki.apache.org/confluence/display/MAVEN/MojoExecutionException

D:\GitHub\Backend Development\SpringBoot\Project\emergency-notifier>'etstat' is not recognized as an internal or external command,
operable program or batch file.

D:\GitHub\Backend Development\SpringBoot\Project\emergency-notifier>

D:\GitHub\Backend Development\SpringBoot\Project\emergency-notifier>

D:\GitHub\Backend Development\SpringBoot\Project\emergency-notifier>D:\GitHub\Backend Development\SpringBoot\Project\emergency-notifier>More? 